<?xml version="1.0" encoding="UTF-8"?>
<robot generator="Robot 3.2.2 (Python 3.9.4 on win32)" generated="20210422 19:07:11.499" rpa="false">
<suite id="s1" name="P2" source="C:\Users\rr185347\eclipse-workspace\P2">
<suite id="s1-s1" name="T2" source="C:\Users\rr185347\eclipse-workspace\P2\T2.robot">
<test id="s1-s1-t1" name="MyFirsttest">
<kw name="Log" library="BuiltIn">
<doc>Logs the given message with the given level.</doc>
<arguments>
<arg>HelloWorld...</arg>
</arguments>
<msg timestamp="20210422 19:07:11.773" level="INFO">HelloWorld...</msg>
<status status="PASS" starttime="20210422 19:07:11.773" endtime="20210422 19:07:11.773"></status>
</kw>
<status status="PASS" starttime="20210422 19:07:11.772" endtime="20210422 19:07:11.773" critical="yes"></status>
</test>
<status status="PASS" starttime="20210422 19:07:11.561" endtime="20210422 19:07:11.774"></status>
</suite>
<status status="PASS" starttime="20210422 19:07:11.545" endtime="20210422 19:07:11.774"></status>
</suite>
<statistics>
<total>
<stat pass="1" fail="0">Critical Tests</stat>
<stat pass="1" fail="0">All Tests</stat>
</total>
<tag>
</tag>
<suite>
<stat pass="1" fail="0" id="s1" name="P2">P2</stat>
<stat pass="1" fail="0" id="s1-s1" name="T2">P2.T2</stat>
</suite>
</statistics>
<errors>
</errors>
</robot>
